                              1 
                              2 ;;; gcc for m6809 : Feb 15 2016 21:40:10
                              3 ;;; 4.3.6 (gcc6809)
                              4 ;;; ABI version 1
                              5 ;;; -mint8
                              6 	.module	player.c
                              7 	.globl _turbo
                              8 	.area .data
   0000                       9 _turbo:
   0000 00                   10 	.byte	0	;skip space
                             11 	.globl _lives_number
   0001                      12 _lives_number:
   0001 03                   13 	.byte	3
                             14 	.globl _turbo_use
   0002                      15 _turbo_use:
   0002 64                   16 	.byte	100
                             17 	.globl _player_angle
   0003                      18 _player_angle:
   0003 00                   19 	.byte	0	;skip space
                             20 	.globl _dx
   0004                      21 _dx:
   0004 00                   22 	.byte	0
   0005 FF                   23 	.byte	-1
   0006 FE                   24 	.byte	-2
   0007 FD                   25 	.byte	-3
   0008 FC                   26 	.byte	-4
   0009 FB                   27 	.byte	-5
   000A FA                   28 	.byte	-6
   000B F9                   29 	.byte	-7
   000C F8                   30 	.byte	-8
   000D F7                   31 	.byte	-9
   000E F6                   32 	.byte	-10
   000F F5                   33 	.byte	-11
   0010 F4                   34 	.byte	-12
   0011 F3                   35 	.byte	-13
   0012 F2                   36 	.byte	-14
   0013 F0                   37 	.byte	-16
   0014 F1                   38 	.byte	-15
   0015 F2                   39 	.byte	-14
   0016 F3                   40 	.byte	-13
   0017 F4                   41 	.byte	-12
   0018 F5                   42 	.byte	-11
   0019 F6                   43 	.byte	-10
   001A F7                   44 	.byte	-9
   001B F8                   45 	.byte	-8
   001C F9                   46 	.byte	-7
   001D FA                   47 	.byte	-6
   001E FB                   48 	.byte	-5
   001F FC                   49 	.byte	-4
   0020 FD                   50 	.byte	-3
   0021 FE                   51 	.byte	-2
   0022 FF                   52 	.byte	-1
   0023 00                   53 	.byte	0
   0024 01                   54 	.byte	1
   0025 02                   55 	.byte	2
   0026 03                   56 	.byte	3
   0027 04                   57 	.byte	4
   0028 05                   58 	.byte	5
   0029 06                   59 	.byte	6
   002A 07                   60 	.byte	7
   002B 08                   61 	.byte	8
   002C 09                   62 	.byte	9
   002D 0A                   63 	.byte	10
   002E 0B                   64 	.byte	11
   002F 0C                   65 	.byte	12
   0030 0D                   66 	.byte	13
   0031 0E                   67 	.byte	14
   0032 0F                   68 	.byte	15
   0033 10                   69 	.byte	16
   0034 0F                   70 	.byte	15
   0035 0E                   71 	.byte	14
   0036 0D                   72 	.byte	13
   0037 0C                   73 	.byte	12
   0038 0B                   74 	.byte	11
   0039 0A                   75 	.byte	10
   003A 09                   76 	.byte	9
   003B 08                   77 	.byte	8
   003C 07                   78 	.byte	7
   003D 06                   79 	.byte	6
   003E 05                   80 	.byte	5
   003F 04                   81 	.byte	4
   0040 03                   82 	.byte	3
   0041 02                   83 	.byte	2
   0042 01                   84 	.byte	1
                             85 	.globl _dy
   0043                      86 _dy:
   0043 10                   87 	.byte	16
   0044 0F                   88 	.byte	15
   0045 0E                   89 	.byte	14
   0046 0D                   90 	.byte	13
   0047 0C                   91 	.byte	12
   0048 0B                   92 	.byte	11
   0049 0A                   93 	.byte	10
   004A 09                   94 	.byte	9
   004B 08                   95 	.byte	8
   004C 07                   96 	.byte	7
   004D 06                   97 	.byte	6
   004E 05                   98 	.byte	5
   004F 04                   99 	.byte	4
   0050 03                  100 	.byte	3
   0051 02                  101 	.byte	2
   0052 01                  102 	.byte	1
   0053 00                  103 	.byte	0
   0054 FF                  104 	.byte	-1
   0055 FE                  105 	.byte	-2
   0056 FD                  106 	.byte	-3
   0057 FC                  107 	.byte	-4
   0058 FB                  108 	.byte	-5
   0059 FA                  109 	.byte	-6
   005A F9                  110 	.byte	-7
   005B F8                  111 	.byte	-8
   005C F7                  112 	.byte	-9
   005D F6                  113 	.byte	-10
   005E F5                  114 	.byte	-11
   005F F4                  115 	.byte	-12
   0060 F3                  116 	.byte	-13
   0061 F2                  117 	.byte	-14
   0062 F1                  118 	.byte	-15
   0063 F0                  119 	.byte	-16
   0064 F1                  120 	.byte	-15
   0065 F2                  121 	.byte	-14
   0066 F3                  122 	.byte	-13
   0067 F4                  123 	.byte	-12
   0068 F5                  124 	.byte	-11
   0069 F6                  125 	.byte	-10
   006A F7                  126 	.byte	-9
   006B F8                  127 	.byte	-8
   006C F9                  128 	.byte	-7
   006D FA                  129 	.byte	-6
   006E FB                  130 	.byte	-5
   006F FC                  131 	.byte	-4
   0070 FD                  132 	.byte	-3
   0071 FE                  133 	.byte	-2
   0072 FF                  134 	.byte	-1
   0073 00                  135 	.byte	0
   0074 01                  136 	.byte	1
   0075 02                  137 	.byte	2
   0076 03                  138 	.byte	3
   0077 04                  139 	.byte	4
   0078 05                  140 	.byte	5
   0079 06                  141 	.byte	6
   007A 07                  142 	.byte	7
   007B 08                  143 	.byte	8
   007C 09                  144 	.byte	9
   007D 0A                  145 	.byte	10
   007E 0B                  146 	.byte	11
   007F 0C                  147 	.byte	12
   0080 0D                  148 	.byte	13
   0081 0E                  149 	.byte	14
   0082 0F                  150 	.byte	15
                            151 	.globl _player_voctors
   0083                     152 _player_voctors:
   0083 00                  153 	.byte	0
   0084 1E                  154 	.byte	30
   0085 02                  155 	.byte	2
   0086 FF                  156 	.byte	-1
   0087 00                  157 	.byte	0
   0088 FC                  158 	.byte	-4
   0089 FF                  159 	.byte	-1
   008A EC                  160 	.byte	-20
   008B 00                  161 	.byte	0
   008C FF                  162 	.byte	-1
   008D 00                  163 	.byte	0
   008E F8                  164 	.byte	-8
   008F FF                  165 	.byte	-1
   0090 05                  166 	.byte	5
   0091 FE                  167 	.byte	-2
   0092 FF                  168 	.byte	-1
   0093 00                  169 	.byte	0
   0094 FD                  170 	.byte	-3
   0095 FF                  171 	.byte	-1
   0096 FB                  172 	.byte	-5
   0097 FD                  173 	.byte	-3
   0098 FF                  174 	.byte	-1
   0099 E2                  175 	.byte	-30
   009A 00                  176 	.byte	0
   009B FF                  177 	.byte	-1
   009C FB                  178 	.byte	-5
   009D 03                  179 	.byte	3
   009E FF                  180 	.byte	-1
   009F 00                  181 	.byte	0
   00A0 03                  182 	.byte	3
   00A1 FF                  183 	.byte	-1
   00A2 05                  184 	.byte	5
   00A3 02                  185 	.byte	2
   00A4 FF                  186 	.byte	-1
   00A5 00                  187 	.byte	0
   00A6 14                  188 	.byte	20
   00A7 FF                  189 	.byte	-1
   00A8 FB                  190 	.byte	-5
   00A9 02                  191 	.byte	2
   00AA FF                  192 	.byte	-1
   00AB 00                  193 	.byte	0
   00AC 03                  194 	.byte	3
   00AD FF                  195 	.byte	-1
   00AE 05                  196 	.byte	5
   00AF 03                  197 	.byte	3
   00B0 FF                  198 	.byte	-1
   00B1 1E                  199 	.byte	30
   00B2 00                  200 	.byte	0
   00B3 FF                  201 	.byte	-1
   00B4 05                  202 	.byte	5
   00B5 FD                  203 	.byte	-3
   00B6 FF                  204 	.byte	-1
   00B7 00                  205 	.byte	0
   00B8 FD                  206 	.byte	-3
   00B9 FF                  207 	.byte	-1
   00BA FB                  208 	.byte	-5
   00BB FE                  209 	.byte	-2
   00BC FF                  210 	.byte	-1
   00BD 00                  211 	.byte	0
   00BE F8                  212 	.byte	-8
   00BF FF                  213 	.byte	-1
   00C0 14                  214 	.byte	20
   00C1 00                  215 	.byte	0
   00C2 01                  216 	.byte	1
   00C3 00                  217 	.byte	0
   00C4 00                  218 	.byte	0
                            219 	.globl _player_shape
   00C5                     220 _player_shape:
   00C5 00                  221 	.byte	0
   00C6 16                  222 	.byte	22
   00C7 00 83               223 	.word	_player_voctors
                            224 	.globl _player
   00C9                     225 _player:
   00C9 00                  226 	.byte	0
   00CA 00                  227 	.byte	0
   00CB 00                  228 	.byte	0
   00CC 00                  229 	.byte	0
   00CD 00 C5               230 	.word	_player_shape
                            231 	.area .text
                            232 	.globl _init_player
   0000                     233 _init_player:
   0000 C6 A1         [ 2]  234 	ldb	#-95
   0002 F7 00 C9      [ 5]  235 	stb	_player
   0005 7F 00 CA      [ 7]  236 	clr	_player+1
   0008 7F 00 CB      [ 7]  237 	clr	_player+2
   000B C6 1E         [ 2]  238 	ldb	#30
   000D F7 00 CC      [ 5]  239 	stb	_player+3
   0010 39            [ 5]  240 	rts
                            241 	.globl _move_player
   0011                     242 _move_player:
   0011 32 E8 E1      [ 5]  243 	leas	-31,s
   0014 BD 02 6B      [ 8]  244 	jsr	_check_joysticks
   0017 F6 00 00      [ 5]  245 	ldb	_turbo
                            246 	; tstb	; optimization 6
   001A 10 27 01 12   [ 6]  247 	lbeq	L4
   001E BD 02 6F      [ 8]  248 	jsr	_joystick_1_left
   0021 5D            [ 2]  249 	tstb
   0022 27 16         [ 3]  250 	beq	L5
   0024 F6 00 CB      [ 5]  251 	ldb	_player+2
   0027 E7 62         [ 5]  252 	stb	2,s
   0029 C6 3F         [ 2]  253 	ldb	#63
   002B E4 62         [ 5]  254 	andb	2,s
   002D E7 6B         [ 5]  255 	stb	11,s
                            256 	; ldb	11,s	; optimization 5
   002F F7 00 03      [ 5]  257 	stb	_player_angle
   0032 E6 62         [ 5]  258 	ldb	2,s
   0034 5A            [ 2]  259 	decb
   0035 F7 00 CB      [ 5]  260 	stb	_player+2
   0038 20 1A         [ 3]  261 	bra	L6
   003A                     262 L5:
   003A BD 02 86      [ 8]  263 	jsr	_joystick_1_right
   003D 5D            [ 2]  264 	tstb
   003E 27 14         [ 3]  265 	beq	L6
   0040 F6 00 CB      [ 5]  266 	ldb	_player+2
   0043 E7 62         [ 5]  267 	stb	2,s
   0045 C6 3F         [ 2]  268 	ldb	#63
   0047 E4 62         [ 5]  269 	andb	2,s
   0049 E7 6C         [ 5]  270 	stb	12,s
                            271 	; ldb	12,s	; optimization 5
   004B F7 00 03      [ 5]  272 	stb	_player_angle
   004E E6 62         [ 5]  273 	ldb	2,s
   0050 5C            [ 2]  274 	incb
   0051 F7 00 CB      [ 5]  275 	stb	_player+2
   0054                     276 L6:
   0054 BD 02 99      [ 8]  277 	jsr	_joystick_1_up
   0057 5D            [ 2]  278 	tstb
   0058 10 27 00 63   [ 6]  279 	lbeq	L7
   005C F6 00 CA      [ 5]  280 	ldb	_player+1
   005F E7 6D         [ 5]  281 	stb	13,s
   0061 F6 00 03      [ 5]  282 	ldb	_player_angle
   0064 4F            [ 2]  283 	clra		;zero_extendqihi: R:b -> R:d
   0065 1F 01         [ 6]  284 	tfr	d,x
   0067 E6 89 00 04   [ 8]  285 	ldb	_dx,x
   006B E7 6E         [ 5]  286 	stb	14,s
                            287 	; ldb	14,s	; optimization 5
   006D 86 67         [ 2]  288 	lda	#103	;mulqihi3
   006F 3D            [11]  289 	mul
   0070 ED E4         [ 5]  290 	std	,s
                            291 	; ldd	,s	; optimization 5
   0072 1F 89         [ 6]  292 	tfr	a,b
   0074 4F            [ 2]  293 	clra		;zero_extendqihi: R:b -> R:d
   0075 ED E4         [ 5]  294 	std	,s
   0077 E6 61         [ 5]  295 	ldb	1,s	;movlsbqihi: msb:,s -> R:b
   0079 57            [ 2]  296 	asrb
   007A E7 6A         [ 5]  297 	stb	10,s
   007C E6 6E         [ 5]  298 	ldb	14,s
   007E 59            [ 2]  299 	rolb
   007F 59            [ 2]  300 	rolb
   0080 C4 01         [ 2]  301 	andb	#1
   0082 50            [ 2]  302 	negb
   0083 E0 6A         [ 5]  303 	subb	10,s
   0085 50            [ 2]  304 	negb
   0086 EB 6D         [ 5]  305 	addb	13,s
   0088 F7 00 CA      [ 5]  306 	stb	_player+1
   008B F6 00 C9      [ 5]  307 	ldb	_player
   008E E7 6F         [ 5]  308 	stb	15,s
   0090 F6 00 03      [ 5]  309 	ldb	_player_angle
   0093 4F            [ 2]  310 	clra		;zero_extendqihi: R:b -> R:d
   0094 1F 01         [ 6]  311 	tfr	d,x
   0096 E6 89 00 43   [ 8]  312 	ldb	_dy,x
   009A E7 E8 10      [ 5]  313 	stb	16,s
                            314 	; ldb	16,s	; optimization 5
   009D 86 67         [ 2]  315 	lda	#103	;mulqihi3
   009F 3D            [11]  316 	mul
   00A0 ED E4         [ 5]  317 	std	,s
                            318 	; ldd	,s	; optimization 5
   00A2 1F 89         [ 6]  319 	tfr	a,b
   00A4 4F            [ 2]  320 	clra		;zero_extendqihi: R:b -> R:d
   00A5 ED E4         [ 5]  321 	std	,s
   00A7 E6 61         [ 5]  322 	ldb	1,s	;movlsbqihi: msb:,s -> R:b
   00A9 57            [ 2]  323 	asrb
   00AA E7 69         [ 5]  324 	stb	9,s
   00AC E6 E8 10      [ 5]  325 	ldb	16,s
   00AF 59            [ 2]  326 	rolb
   00B0 59            [ 2]  327 	rolb
   00B1 C4 01         [ 2]  328 	andb	#1
   00B3 50            [ 2]  329 	negb
   00B4 E0 69         [ 5]  330 	subb	9,s
   00B6 50            [ 2]  331 	negb
   00B7 EB 6F         [ 5]  332 	addb	15,s
   00B9 F7 00 C9      [ 5]  333 	stb	_player
   00BC 7E 02 49      [ 4]  334 	jmp	L9
   00BF                     335 L7:
   00BF BD 02 B0      [ 8]  336 	jsr	_joystick_1_down
   00C2 5D            [ 2]  337 	tstb
   00C3 10 27 01 82   [ 6]  338 	lbeq	L9
   00C7 F6 00 CA      [ 5]  339 	ldb	_player+1
   00CA E7 E8 11      [ 5]  340 	stb	17,s
   00CD F6 00 03      [ 5]  341 	ldb	_player_angle
   00D0 4F            [ 2]  342 	clra		;zero_extendqihi: R:b -> R:d
   00D1 1F 01         [ 6]  343 	tfr	d,x
   00D3 E6 89 00 04   [ 8]  344 	ldb	_dx,x
   00D7 E7 E8 12      [ 5]  345 	stb	18,s
                            346 	; ldb	18,s	; optimization 5
   00DA 86 67         [ 2]  347 	lda	#103	;mulqihi3
   00DC 3D            [11]  348 	mul
   00DD ED E4         [ 5]  349 	std	,s
                            350 	; ldd	,s	; optimization 5
   00DF 1F 89         [ 6]  351 	tfr	a,b
   00E1 4F            [ 2]  352 	clra		;zero_extendqihi: R:b -> R:d
   00E2 ED E4         [ 5]  353 	std	,s
   00E4 E6 61         [ 5]  354 	ldb	1,s	;movlsbqihi: msb:,s -> R:b
   00E6 57            [ 2]  355 	asrb
   00E7 E7 68         [ 5]  356 	stb	8,s
   00E9 E6 E8 12      [ 5]  357 	ldb	18,s
   00EC 59            [ 2]  358 	rolb
   00ED 59            [ 2]  359 	rolb
   00EE C4 01         [ 2]  360 	andb	#1
   00F0 50            [ 2]  361 	negb
   00F1 E0 68         [ 5]  362 	subb	8,s
   00F3 50            [ 2]  363 	negb
   00F4 EB E8 11      [ 5]  364 	addb	17,s
   00F7 F7 00 CA      [ 5]  365 	stb	_player+1
   00FA F6 00 C9      [ 5]  366 	ldb	_player
   00FD E7 E8 13      [ 5]  367 	stb	19,s
   0100 F6 00 03      [ 5]  368 	ldb	_player_angle
   0103 4F            [ 2]  369 	clra		;zero_extendqihi: R:b -> R:d
   0104 1F 01         [ 6]  370 	tfr	d,x
   0106 E6 89 00 43   [ 8]  371 	ldb	_dy,x
   010A E7 E8 14      [ 5]  372 	stb	20,s
                            373 	; ldb	20,s	; optimization 5
   010D 86 67         [ 2]  374 	lda	#103	;mulqihi3
   010F 3D            [11]  375 	mul
   0110 ED E4         [ 5]  376 	std	,s
                            377 	; ldd	,s	; optimization 5
   0112 1F 89         [ 6]  378 	tfr	a,b
   0114 4F            [ 2]  379 	clra		;zero_extendqihi: R:b -> R:d
   0115 ED E4         [ 5]  380 	std	,s
   0117 E6 61         [ 5]  381 	ldb	1,s	;movlsbqihi: msb:,s -> R:b
   0119 57            [ 2]  382 	asrb
   011A E7 67         [ 5]  383 	stb	7,s
   011C E6 E8 14      [ 5]  384 	ldb	20,s
   011F 59            [ 2]  385 	rolb
   0120 59            [ 2]  386 	rolb
   0121 C4 01         [ 2]  387 	andb	#1
   0123 50            [ 2]  388 	negb
   0124 E0 67         [ 5]  389 	subb	7,s
   0126 50            [ 2]  390 	negb
   0127 EB E8 13      [ 5]  391 	addb	19,s
   012A F7 00 C9      [ 5]  392 	stb	_player
   012D 7E 02 49      [ 4]  393 	jmp	L9
   0130                     394 L4:
   0130 BD 02 6F      [ 8]  395 	jsr	_joystick_1_left
   0133 5D            [ 2]  396 	tstb
   0134 27 17         [ 3]  397 	beq	L10
   0136 F6 00 CB      [ 5]  398 	ldb	_player+2
   0139 E7 62         [ 5]  399 	stb	2,s
   013B C6 3F         [ 2]  400 	ldb	#63
   013D E4 62         [ 5]  401 	andb	2,s
   013F E7 E8 15      [ 5]  402 	stb	21,s
                            403 	; ldb	21,s	; optimization 5
   0142 F7 00 03      [ 5]  404 	stb	_player_angle
   0145 E6 62         [ 5]  405 	ldb	2,s
   0147 5A            [ 2]  406 	decb
   0148 F7 00 CB      [ 5]  407 	stb	_player+2
   014B 20 1B         [ 3]  408 	bra	L11
   014D                     409 L10:
   014D BD 02 86      [ 8]  410 	jsr	_joystick_1_right
   0150 5D            [ 2]  411 	tstb
   0151 27 15         [ 3]  412 	beq	L11
   0153 F6 00 CB      [ 5]  413 	ldb	_player+2
   0156 E7 62         [ 5]  414 	stb	2,s
   0158 C6 3F         [ 2]  415 	ldb	#63
   015A E4 62         [ 5]  416 	andb	2,s
   015C E7 E8 16      [ 5]  417 	stb	22,s
                            418 	; ldb	22,s	; optimization 5
   015F F7 00 03      [ 5]  419 	stb	_player_angle
   0162 E6 62         [ 5]  420 	ldb	2,s
   0164 5C            [ 2]  421 	incb
   0165 F7 00 CB      [ 5]  422 	stb	_player+2
   0168                     423 L11:
   0168 BD 02 99      [ 8]  424 	jsr	_joystick_1_up
   016B 5D            [ 2]  425 	tstb
   016C 10 27 00 69   [ 6]  426 	lbeq	L12
   0170 F6 00 CA      [ 5]  427 	ldb	_player+1
   0173 E7 E8 17      [ 5]  428 	stb	23,s
   0176 F6 00 03      [ 5]  429 	ldb	_player_angle
   0179 4F            [ 2]  430 	clra		;zero_extendqihi: R:b -> R:d
   017A 1F 01         [ 6]  431 	tfr	d,x
   017C E6 89 00 04   [ 8]  432 	ldb	_dx,x
   0180 E7 E8 18      [ 5]  433 	stb	24,s
                            434 	; ldb	24,s	; optimization 5
   0183 86 67         [ 2]  435 	lda	#103	;mulqihi3
   0185 3D            [11]  436 	mul
   0186 ED E4         [ 5]  437 	std	,s
                            438 	; ldd	,s	; optimization 5
   0188 1F 89         [ 6]  439 	tfr	a,b
   018A 4F            [ 2]  440 	clra		;zero_extendqihi: R:b -> R:d
   018B ED E4         [ 5]  441 	std	,s
   018D E6 61         [ 5]  442 	ldb	1,s	;movlsbqihi: msb:,s -> R:b
   018F 57            [ 2]  443 	asrb
   0190 E7 66         [ 5]  444 	stb	6,s
   0192 E6 E8 18      [ 5]  445 	ldb	24,s
   0195 59            [ 2]  446 	rolb
   0196 59            [ 2]  447 	rolb
   0197 C4 01         [ 2]  448 	andb	#1
   0199 50            [ 2]  449 	negb
   019A E0 66         [ 5]  450 	subb	6,s
   019C 50            [ 2]  451 	negb
   019D EB E8 17      [ 5]  452 	addb	23,s
   01A0 F7 00 CA      [ 5]  453 	stb	_player+1
   01A3 F6 00 C9      [ 5]  454 	ldb	_player
   01A6 E7 E8 19      [ 5]  455 	stb	25,s
   01A9 F6 00 03      [ 5]  456 	ldb	_player_angle
   01AC 4F            [ 2]  457 	clra		;zero_extendqihi: R:b -> R:d
   01AD 1F 01         [ 6]  458 	tfr	d,x
   01AF E6 89 00 43   [ 8]  459 	ldb	_dy,x
   01B3 E7 E8 1A      [ 5]  460 	stb	26,s
                            461 	; ldb	26,s	; optimization 5
   01B6 86 67         [ 2]  462 	lda	#103	;mulqihi3
   01B8 3D            [11]  463 	mul
   01B9 ED E4         [ 5]  464 	std	,s
                            465 	; ldd	,s	; optimization 5
   01BB 1F 89         [ 6]  466 	tfr	a,b
   01BD 4F            [ 2]  467 	clra		;zero_extendqihi: R:b -> R:d
   01BE ED E4         [ 5]  468 	std	,s
   01C0 E6 61         [ 5]  469 	ldb	1,s	;movlsbqihi: msb:,s -> R:b
   01C2 57            [ 2]  470 	asrb
   01C3 E7 65         [ 5]  471 	stb	5,s
   01C5 E6 E8 1A      [ 5]  472 	ldb	26,s
   01C8 59            [ 2]  473 	rolb
   01C9 59            [ 2]  474 	rolb
   01CA C4 01         [ 2]  475 	andb	#1
   01CC 50            [ 2]  476 	negb
   01CD E0 65         [ 5]  477 	subb	5,s
   01CF 50            [ 2]  478 	negb
   01D0 EB E8 19      [ 5]  479 	addb	25,s
   01D3 F7 00 C9      [ 5]  480 	stb	_player
   01D6 7E 02 49      [ 4]  481 	jmp	L9
   01D9                     482 L12:
   01D9 BD 02 B0      [ 8]  483 	jsr	_joystick_1_down
   01DC 5D            [ 2]  484 	tstb
   01DD 10 27 00 68   [ 6]  485 	lbeq	L9
   01E1 F6 00 CA      [ 5]  486 	ldb	_player+1
   01E4 E7 E8 1B      [ 5]  487 	stb	27,s
   01E7 F6 00 03      [ 5]  488 	ldb	_player_angle
   01EA 4F            [ 2]  489 	clra		;zero_extendqihi: R:b -> R:d
   01EB 1F 01         [ 6]  490 	tfr	d,x
   01ED E6 89 00 04   [ 8]  491 	ldb	_dx,x
   01F1 E7 E8 1C      [ 5]  492 	stb	28,s
                            493 	; ldb	28,s	; optimization 5
   01F4 86 67         [ 2]  494 	lda	#103	;mulqihi3
   01F6 3D            [11]  495 	mul
   01F7 ED E4         [ 5]  496 	std	,s
                            497 	; ldd	,s	; optimization 5
   01F9 1F 89         [ 6]  498 	tfr	a,b
   01FB 4F            [ 2]  499 	clra		;zero_extendqihi: R:b -> R:d
   01FC ED E4         [ 5]  500 	std	,s
   01FE E6 61         [ 5]  501 	ldb	1,s	;movlsbqihi: msb:,s -> R:b
   0200 57            [ 2]  502 	asrb
   0201 E7 64         [ 5]  503 	stb	4,s
   0203 E6 E8 1C      [ 5]  504 	ldb	28,s
   0206 59            [ 2]  505 	rolb
   0207 59            [ 2]  506 	rolb
   0208 C4 01         [ 2]  507 	andb	#1
   020A 50            [ 2]  508 	negb
   020B E0 64         [ 5]  509 	subb	4,s
   020D 50            [ 2]  510 	negb
   020E E0 E8 1B      [ 5]  511 	subb	27,s
   0211 50            [ 2]  512 	negb
   0212 F7 00 CA      [ 5]  513 	stb	_player+1
   0215 F6 00 C9      [ 5]  514 	ldb	_player
   0218 E7 E8 1D      [ 5]  515 	stb	29,s
   021B F6 00 03      [ 5]  516 	ldb	_player_angle
   021E 4F            [ 2]  517 	clra		;zero_extendqihi: R:b -> R:d
   021F 1F 01         [ 6]  518 	tfr	d,x
   0221 E6 89 00 43   [ 8]  519 	ldb	_dy,x
   0225 E7 E8 1E      [ 5]  520 	stb	30,s
                            521 	; ldb	30,s	; optimization 5
   0228 86 67         [ 2]  522 	lda	#103	;mulqihi3
   022A 3D            [11]  523 	mul
   022B ED E4         [ 5]  524 	std	,s
                            525 	; ldd	,s	; optimization 5
   022D 1F 89         [ 6]  526 	tfr	a,b
   022F 4F            [ 2]  527 	clra		;zero_extendqihi: R:b -> R:d
   0230 ED E4         [ 5]  528 	std	,s
   0232 E6 61         [ 5]  529 	ldb	1,s	;movlsbqihi: msb:,s -> R:b
   0234 57            [ 2]  530 	asrb
   0235 E7 63         [ 5]  531 	stb	3,s
   0237 E6 E8 1E      [ 5]  532 	ldb	30,s
   023A 59            [ 2]  533 	rolb
   023B 59            [ 2]  534 	rolb
   023C C4 01         [ 2]  535 	andb	#1
   023E 50            [ 2]  536 	negb
   023F E0 63         [ 5]  537 	subb	3,s
   0241 50            [ 2]  538 	negb
   0242 E0 E8 1D      [ 5]  539 	subb	29,s
   0245 50            [ 2]  540 	negb
   0246 F7 00 C9      [ 5]  541 	stb	_player
   0249                     542 L9:
   0249 BD 02 C3      [ 8]  543 	jsr	_check_buttons
   024C BD 02 C7      [ 8]  544 	jsr	_button_1_4_held
   024F 5D            [ 2]  545 	tstb
   0250 26 15         [ 3]  546 	bne	L14
   0252 BD 02 D1      [ 8]  547 	jsr	_button_1_3_held
   0255 5D            [ 2]  548 	tstb
   0256 27 0F         [ 3]  549 	beq	L14
   0258 BD 00 00      [ 8]  550 	jsr	_check_turbo_colision
   025B 5D            [ 2]  551 	tstb
   025C 27 09         [ 3]  552 	beq	L14
   025E 8E 00 02      [ 3]  553 	ldx	#_turbo_use
   0261 BD 00 00      [ 8]  554 	jsr	_check_turbo_use
   0264 F7 00 00      [ 5]  555 	stb	_turbo
   0267                     556 L14:
   0267 32 E8 1F      [ 5]  557 	leas	31,s
   026A 39            [ 5]  558 	rts
   026B                     559 _check_joysticks:
   026B BD 00 00      [ 8]  560 	jsr	___Joy_Digital
   026E 39            [ 5]  561 	rts
   026F                     562 _joystick_1_left:
   026F 32 7F         [ 5]  563 	leas	-1,s
   0271 BD 02 82      [ 8]  564 	jsr	_joystick_1_x
   0274 6F E4         [ 6]  565 	clr	,s
   0276 5D            [ 2]  566 	tstb
   0277 2C 04         [ 3]  567 	bge	L18
   0279 C6 01         [ 2]  568 	ldb	#1
   027B E7 E4         [ 4]  569 	stb	,s
   027D                     570 L18:
   027D E6 E4         [ 4]  571 	ldb	,s
   027F 32 61         [ 5]  572 	leas	1,s
   0281 39            [ 5]  573 	rts
   0282                     574 _joystick_1_x:
   0282 F6 00 00      [ 5]  575 	ldb	_Vec_Joy_1_X
   0285 39            [ 5]  576 	rts
   0286                     577 _joystick_1_right:
   0286 32 7F         [ 5]  578 	leas	-1,s
   0288 BD 02 82      [ 8]  579 	jsr	_joystick_1_x
   028B 6F E4         [ 6]  580 	clr	,s
   028D 5D            [ 2]  581 	tstb
   028E 2F 04         [ 3]  582 	ble	L23
   0290 C6 01         [ 2]  583 	ldb	#1
   0292 E7 E4         [ 4]  584 	stb	,s
   0294                     585 L23:
   0294 E6 E4         [ 4]  586 	ldb	,s
   0296 32 61         [ 5]  587 	leas	1,s
   0298 39            [ 5]  588 	rts
   0299                     589 _joystick_1_up:
   0299 32 7F         [ 5]  590 	leas	-1,s
   029B BD 02 AC      [ 8]  591 	jsr	_joystick_1_y
   029E 6F E4         [ 6]  592 	clr	,s
   02A0 5D            [ 2]  593 	tstb
   02A1 2F 04         [ 3]  594 	ble	L26
   02A3 C6 01         [ 2]  595 	ldb	#1
   02A5 E7 E4         [ 4]  596 	stb	,s
   02A7                     597 L26:
   02A7 E6 E4         [ 4]  598 	ldb	,s
   02A9 32 61         [ 5]  599 	leas	1,s
   02AB 39            [ 5]  600 	rts
   02AC                     601 _joystick_1_y:
   02AC F6 00 00      [ 5]  602 	ldb	_Vec_Joy_1_Y
   02AF 39            [ 5]  603 	rts
   02B0                     604 _joystick_1_down:
   02B0 32 7F         [ 5]  605 	leas	-1,s
   02B2 BD 02 AC      [ 8]  606 	jsr	_joystick_1_y
   02B5 6F E4         [ 6]  607 	clr	,s
   02B7 5D            [ 2]  608 	tstb
   02B8 2C 04         [ 3]  609 	bge	L31
   02BA C6 01         [ 2]  610 	ldb	#1
   02BC E7 E4         [ 4]  611 	stb	,s
   02BE                     612 L31:
   02BE E6 E4         [ 4]  613 	ldb	,s
   02C0 32 61         [ 5]  614 	leas	1,s
   02C2 39            [ 5]  615 	rts
   02C3                     616 _check_buttons:
   02C3 BD 00 00      [ 8]  617 	jsr	___Read_Btns
   02C6 39            [ 5]  618 	rts
   02C7                     619 _button_1_4_held:
   02C7 BD 02 CD      [ 8]  620 	jsr	_buttons_held
   02CA C4 08         [ 2]  621 	andb	#8
   02CC 39            [ 5]  622 	rts
   02CD                     623 _buttons_held:
   02CD F6 00 00      [ 5]  624 	ldb	_Vec_Btn_State
   02D0 39            [ 5]  625 	rts
   02D1                     626 _button_1_3_held:
   02D1 BD 02 CD      [ 8]  627 	jsr	_buttons_held
   02D4 C4 04         [ 2]  628 	andb	#4
   02D6 39            [ 5]  629 	rts
                            630 	.globl _draw_player
   02D7                     631 _draw_player:
   02D7 8E 00 C9      [ 3]  632 	ldx	#_player
   02DA BD 00 00      [ 8]  633 	jsr	_draw_sprite
   02DD 39            [ 5]  634 	rts
                            635 	.globl _check_player
   02DE                     636 _check_player:
   02DE C6 01         [ 2]  637 	ldb	#1
   02E0 39            [ 5]  638 	rts
                            639 	.area .bss
                            640 	.globl	_score
   0000                     641 _score:	.blkb	1
ASxxxx Assembler V05.00  (Motorola 6809), page 1.
Hexidecimal [16-Bits]

Symbol Table

    .__.$$$.       =   2710 L   |     .__.ABS.       =   0000 G
    .__.CPU.       =   0000 L   |     .__.H$L.       =   0001 L
  3 L10                014D R   |   3 L11                0168 R
  3 L12                01D9 R   |   3 L14                0267 R
  3 L18                027D R   |   3 L23                0294 R
  3 L26                02A7 R   |   3 L31                02BE R
  3 L4                 0130 R   |   3 L5                 003A R
  3 L6                 0054 R   |   3 L7                 00BF R
  3 L9                 0249 R   |     _Vec_Btn_State     **** GX
    _Vec_Joy_1_X       **** GX  |     _Vec_Joy_1_Y       **** GX
    ___Joy_Digital     **** GX  |     ___Read_Btns       **** GX
  3 _button_1_3_he     02D1 R   |   3 _button_1_4_he     02C7 R
  3 _buttons_held      02CD R   |   3 _check_buttons     02C3 R
  3 _check_joystic     026B R   |   3 _check_player      02DE GR
    _check_turbo_c     **** GX  |     _check_turbo_u     **** GX
  3 _draw_player       02D7 GR  |     _draw_sprite       **** GX
  2 _dx                0004 GR  |   2 _dy                0043 GR
  3 _init_player       0000 GR  |   3 _joystick_1_do     02B0 R
  3 _joystick_1_le     026F R   |   3 _joystick_1_ri     0286 R
  3 _joystick_1_up     0299 R   |   3 _joystick_1_x      0282 R
  3 _joystick_1_y      02AC R   |   2 _lives_number      0001 GR
  3 _move_player       0011 GR  |   2 _player            00C9 GR
  2 _player_angle      0003 GR  |   2 _player_shape      00C5 GR
  2 _player_voctor     0083 GR  |   4 _score             0000 GR
  2 _turbo             0000 GR  |   2 _turbo_use         0002 GR

ASxxxx Assembler V05.00  (Motorola 6809), page 2.
Hexidecimal [16-Bits]

Area Table

[_CSEG]
   0 _CODE            size    0   flags C080
   2 .data            size   CF   flags  100
   3 .text            size  2E1   flags  100
   4 .bss             size    1   flags    0
[_DSEG]
   1 _DATA            size    0   flags C0C0

