                              1 
                              2 ;;; gcc for m6809 : Feb 15 2016 21:40:10
                              3 ;;; 4.3.6 (gcc6809)
                              4 ;;; ABI version 1
                              5 ;;; -mint8
                              6 	.module	sprites.c
                              7 	.globl _grid_scale
                              8 	.area .text
   0000                       9 _grid_scale:
   0000 50                   10 	.byte	80
                             11 	.globl _draw_sprite
   0001                      12 _draw_sprite:
   0001 34 60         [ 7]   13 	pshs	y,u
   0003 32 E8 BD      [ 5]   14 	leas	-67,s
   0006 33 E4         [ 4]   15 	leau	,s
   0008 AF C8 1C      [ 6]   16 	stx	28,u
   000B 10 EF 43      [ 7]   17 	sts	3,u
   000E AE C8 1C      [ 6]   18 	ldx	28,u
   0011 E6 02         [ 5]   19 	ldb	2,x
                             20 	; tstb	; optimization 6
   0013 10 27 01 DC   [ 6]   21 	lbeq	L2
   0017 AE C8 1C      [ 6]   22 	ldx	28,u
   001A AE 04         [ 6]   23 	ldx	4,x
   001C E6 84         [ 4]   24 	ldb	,x
                             25 	; tstb	; optimization 6
   001E 10 26 00 DB   [ 6]   26 	lbne	L3
   0022 30 E4         [ 4]   27 	leax	,s
   0024 AF 4E         [ 6]   28 	stx	14,u
   0026 AE C8 1C      [ 6]   29 	ldx	28,u
   0029 AE 04         [ 6]   30 	ldx	4,x
   002B E6 01         [ 5]   31 	ldb	1,x
   002D 4F            [ 2]   32 	clra		;zero_extendqihi: R:b -> R:d
   002E 1F 01         [ 6]   33 	tfr	d,x
   0030 AF 49         [ 6]   34 	stx	9,u
   0032 EC 49         [ 6]   35 	ldd	9,u
   0034 58            [ 2]   36 	aslb
   0035 49            [ 2]   37 	rola
   0036 ED 49         [ 6]   38 	std	9,u
                             39 	; ldd	9,u	; optimization 5
   0038 30 8B         [ 8]   40 	leax	d,x
   003A AF 49         [ 6]   41 	stx	9,u
   003C EC 49         [ 6]   42 	ldd	9,u
   003E 58            [ 2]   43 	aslb
   003F 49            [ 2]   44 	rola
   0040 58            [ 2]   45 	aslb
   0041 49            [ 2]   46 	rola
   0042 58            [ 2]   47 	aslb
   0043 49            [ 2]   48 	rola
   0044 ED 49         [ 6]   49 	std	9,u
   0046 AE C8 1C      [ 6]   50 	ldx	28,u
   0049 AE 04         [ 6]   51 	ldx	4,x
   004B E6 01         [ 5]   52 	ldb	1,x
   004D 4F            [ 2]   53 	clra		;zero_extendqihi: R:b -> R:d
   004E 1F 01         [ 6]   54 	tfr	d,x
   0050 1F 10         [ 6]   55 	tfr	x,d
   0052 58            [ 2]   56 	aslb
   0053 49            [ 2]   57 	rola
   0054 1F 01         [ 6]   58 	tfr	d,x
   0056 AE C8 1C      [ 6]   59 	ldx	28,u
   0059 AE 04         [ 6]   60 	ldx	4,x
   005B E6 01         [ 5]   61 	ldb	1,x
   005D 4F            [ 2]   62 	clra		;zero_extendqihi: R:b -> R:d
   005E 1F 01         [ 6]   63 	tfr	d,x
   0060 AF 47         [ 6]   64 	stx	7,u
   0062 EC 47         [ 6]   65 	ldd	7,u
   0064 58            [ 2]   66 	aslb
   0065 49            [ 2]   67 	rola
   0066 ED 47         [ 6]   68 	std	7,u
                             69 	; ldd	7,u	; optimization 5
   0068 30 8B         [ 8]   70 	leax	d,x
   006A AF 47         [ 6]   71 	stx	7,u
   006C EC 47         [ 6]   72 	ldd	7,u
   006E 58            [ 2]   73 	aslb
   006F 49            [ 2]   74 	rola
   0070 58            [ 2]   75 	aslb
   0071 49            [ 2]   76 	rola
   0072 58            [ 2]   77 	aslb
   0073 49            [ 2]   78 	rola
   0074 ED 47         [ 6]   79 	std	7,u
   0076 AE C8 1C      [ 6]   80 	ldx	28,u
   0079 AE 04         [ 6]   81 	ldx	4,x
   007B E6 01         [ 5]   82 	ldb	1,x
   007D 4F            [ 2]   83 	clra		;zero_extendqihi: R:b -> R:d
   007E 1F 01         [ 6]   84 	tfr	d,x
   0080 AF 45         [ 6]   85 	stx	5,u
   0082 EC 45         [ 6]   86 	ldd	5,u
   0084 58            [ 2]   87 	aslb
   0085 49            [ 2]   88 	rola
   0086 ED 45         [ 6]   89 	std	5,u
   0088 1E 01         [ 8]   90 	exg	d,x
   008A E3 45         [ 7]   91 	addd	5,u
   008C 1E 01         [ 8]   92 	exg	d,x
   008E 1F 40         [ 6]   93 	tfr	s,d
   0090 34 10         [ 6]   94 	pshs	x	;subhi: R:d -= R:x
   0092 A3 E1         [ 9]   95 	subd	,s++
   0094 1F 04         [ 6]   96 	tfr	d,s
   0096 10 EF 4B      [ 7]   97 	sts	11,u
   0099 10 AE 4B      [ 7]   98 	ldy	11,u
   009C 30 20         [ 5]   99 	leax	0,y
   009E AF 4B         [ 6]  100 	stx	11,u
   00A0 EC 4B         [ 6]  101 	ldd	11,u
   00A2 ED C8 1E      [ 6]  102 	std	30,u
   00A5 AE C8 1C      [ 6]  103 	ldx	28,u
   00A8 AE 04         [ 6]  104 	ldx	4,x
   00AA 10 AE 02      [ 7]  105 	ldy	2,x
   00AD AE C8 1C      [ 6]  106 	ldx	28,u
   00B0 E6 02         [ 5]  107 	ldb	2,x
   00B2 E7 C8 26      [ 5]  108 	stb	38,u
   00B5 10 AF C8 24   [ 7]  109 	sty	36,u
   00B9 AE C8 1E      [ 6]  110 	ldx	30,u
   00BC AF C8 22      [ 6]  111 	stx	34,u
                            112 	; ldx	34,u	; optimization 5
   00BF 34 10         [ 6]  113 	pshs	x
   00C1 AE C8 24      [ 6]  114 	ldx	36,u
   00C4 E6 C8 26      [ 5]  115 	ldb	38,u
   00C7 BD 00 00      [ 8]  116 	jsr	__Rot_VL_Mode
   00CA 32 62         [ 5]  117 	leas	2,s
   00CC AE C8 1C      [ 6]  118 	ldx	28,u
   00CF E6 01         [ 5]  119 	ldb	1,x
   00D1 E7 C4         [ 4]  120 	stb	,u
   00D3 E6 D8 1C      [ 8]  121 	ldb	[28,u]
   00D6 E7 4D         [ 5]  122 	stb	13,u
   00D8 E6 C4         [ 4]  123 	ldb	,u
   00DA 34 04         [ 6]  124 	pshs	b
   00DC E6 4D         [ 5]  125 	ldb	13,u
   00DE BD 02 B5      [ 8]  126 	jsr	_position_beam
   00E1 32 61         [ 5]  127 	leas	1,s
   00E3 AE C8 1C      [ 6]  128 	ldx	28,u
   00E6 E6 03         [ 5]  129 	ldb	3,x
   00E8 E7 C8 29      [ 5]  130 	stb	41,u
   00EB AE C8 1E      [ 6]  131 	ldx	30,u
   00EE AF C8 27      [ 6]  132 	stx	39,u
                            133 	; ldx	39,u	; optimization 5
   00F1 E6 C8 29      [ 5]  134 	ldb	41,u
   00F4 BD 00 00      [ 8]  135 	jsr	___Draw_VLp_b
   00F7 10 EE 4E      [ 7]  136 	lds	14,u
   00FA 7E 02 AD      [ 4]  137 	jmp	L11
   00FD                     138 L3:
   00FD 30 E4         [ 4]  139 	leax	,s
   00FF AF C8 16      [ 6]  140 	stx	22,u
   0102 AE C8 1C      [ 6]  141 	ldx	28,u
   0105 AE 04         [ 6]  142 	ldx	4,x
   0107 E6 01         [ 5]  143 	ldb	1,x
   0109 4F            [ 2]  144 	clra		;zero_extendqihi: R:b -> R:d
   010A ED C4         [ 5]  145 	std	,u
                            146 	; ldd	,u	; optimization 5
   010C 58            [ 2]  147 	aslb
   010D 49            [ 2]  148 	rola
   010E ED C4         [ 5]  149 	std	,u
   0110 1F 40         [ 6]  150 	tfr	s,d
   0112 A3 C4         [ 6]  151 	subd	,u	;subhi: R:d -= ,u
   0114 1F 04         [ 6]  152 	tfr	d,s
   0116 10 EF C8 10   [ 7]  153 	sts	16,u
   011A 10 AE C8 10   [ 7]  154 	ldy	16,u
   011E 30 20         [ 5]  155 	leax	0,y
   0120 AF C8 10      [ 6]  156 	stx	16,u
   0123 EC C8 10      [ 6]  157 	ldd	16,u
   0126 ED C8 20      [ 6]  158 	std	32,u
   0129 AE C8 1C      [ 6]  159 	ldx	28,u
   012C AE 04         [ 6]  160 	ldx	4,x
   012E 10 AE 02      [ 7]  161 	ldy	2,x
   0131 AE C8 1C      [ 6]  162 	ldx	28,u
   0134 AE 04         [ 6]  163 	ldx	4,x
   0136 E6 01         [ 5]  164 	ldb	1,x
   0138 E7 42         [ 5]  165 	stb	2,u
                            166 	; ldb	2,u	; optimization 5
   013A 5A            [ 2]  167 	decb
   013B E7 C8 12      [ 5]  168 	stb	18,u
   013E AE C8 1C      [ 6]  169 	ldx	28,u
   0141 E6 02         [ 5]  170 	ldb	2,x
   0143 E7 C8 2F      [ 5]  171 	stb	47,u
   0146 E6 C8 12      [ 5]  172 	ldb	18,u
   0149 E7 C8 2E      [ 5]  173 	stb	46,u
   014C 10 AF C8 2C   [ 7]  174 	sty	44,u
   0150 AE C8 20      [ 6]  175 	ldx	32,u
   0153 AF C8 2A      [ 6]  176 	stx	42,u
                            177 	; ldx	42,u	; optimization 5
   0156 34 10         [ 6]  178 	pshs	x
   0158 E6 C8 2F      [ 5]  179 	ldb	47,u
   015B E7 E2         [ 6]  180 	stb	,-s
   015D AE C8 2C      [ 6]  181 	ldx	44,u
   0160 E6 C8 2E      [ 5]  182 	ldb	46,u
   0163 BD 00 00      [ 8]  183 	jsr	__Rot_VL_ab
   0166 32 63         [ 5]  184 	leas	3,s
   0168 AE C8 1C      [ 6]  185 	ldx	28,u
   016B E6 01         [ 5]  186 	ldb	1,x
   016D E7 42         [ 5]  187 	stb	2,u
   016F E6 D8 1C      [ 8]  188 	ldb	[28,u]
   0172 E7 C8 13      [ 5]  189 	stb	19,u
   0175 E6 42         [ 5]  190 	ldb	2,u
   0177 34 04         [ 6]  191 	pshs	b
   0179 E6 C8 13      [ 5]  192 	ldb	19,u
   017C BD 02 B5      [ 8]  193 	jsr	_position_beam
   017F 32 61         [ 5]  194 	leas	1,s
   0181 AE C8 1C      [ 6]  195 	ldx	28,u
   0184 AE 04         [ 6]  196 	ldx	4,x
   0186 E6 84         [ 4]  197 	ldb	,x
   0188 C1 01         [ 2]  198 	cmpb	#1	;cmpqi:
   018A 26 31         [ 3]  199 	bne	L5
   018C AE C8 1C      [ 6]  200 	ldx	28,u
   018F E6 03         [ 5]  201 	ldb	3,x
   0191 E7 C8 14      [ 5]  202 	stb	20,u
   0194 AE C8 1C      [ 6]  203 	ldx	28,u
   0197 AE 04         [ 6]  204 	ldx	4,x
   0199 E6 01         [ 5]  205 	ldb	1,x
   019B 5A            [ 2]  206 	decb
   019C E7 C8 33      [ 5]  207 	stb	51,u
   019F E6 C8 14      [ 5]  208 	ldb	20,u
   01A2 E7 C8 32      [ 5]  209 	stb	50,u
   01A5 AE C8 20      [ 6]  210 	ldx	32,u
   01A8 AF C8 30      [ 6]  211 	stx	48,u
   01AB E6 C8 33      [ 5]  212 	ldb	51,u
   01AE E7 E2         [ 6]  213 	stb	,-s
   01B0 AE C8 30      [ 6]  214 	ldx	48,u
   01B3 E6 C8 32      [ 5]  215 	ldb	50,u
   01B6 BD 00 00      [ 8]  216 	jsr	__Draw_VL_ab
   01B9 32 61         [ 5]  217 	leas	1,s
   01BB 20 2F         [ 3]  218 	bra	L6
   01BD                     219 L5:
   01BD AE C8 1C      [ 6]  220 	ldx	28,u
   01C0 E6 03         [ 5]  221 	ldb	3,x
   01C2 E7 C8 15      [ 5]  222 	stb	21,u
   01C5 AE C8 1C      [ 6]  223 	ldx	28,u
   01C8 AE 04         [ 6]  224 	ldx	4,x
   01CA E6 01         [ 5]  225 	ldb	1,x
   01CC 5A            [ 2]  226 	decb
   01CD E7 C8 37      [ 5]  227 	stb	55,u
   01D0 E6 C8 15      [ 5]  228 	ldb	21,u
   01D3 E7 C8 36      [ 5]  229 	stb	54,u
   01D6 AE C8 20      [ 6]  230 	ldx	32,u
   01D9 AF C8 34      [ 6]  231 	stx	52,u
   01DC E6 C8 37      [ 5]  232 	ldb	55,u
   01DF E7 E2         [ 6]  233 	stb	,-s
   01E1 AE C8 34      [ 6]  234 	ldx	52,u
   01E4 E6 C8 36      [ 5]  235 	ldb	54,u
   01E7 BD 00 00      [ 8]  236 	jsr	__Mov_Draw_VL_ab
   01EA 32 61         [ 5]  237 	leas	1,s
   01EC                     238 L6:
   01EC 10 EE C8 16   [ 7]  239 	lds	22,u
   01F0 7E 02 AD      [ 4]  240 	jmp	L11
   01F3                     241 L2:
   01F3 AE C8 1C      [ 6]  242 	ldx	28,u
   01F6 E6 01         [ 5]  243 	ldb	1,x
   01F8 E7 42         [ 5]  244 	stb	2,u
   01FA E6 D8 1C      [ 8]  245 	ldb	[28,u]
   01FD E7 C8 18      [ 5]  246 	stb	24,u
   0200 E6 42         [ 5]  247 	ldb	2,u
   0202 34 04         [ 6]  248 	pshs	b
   0204 E6 C8 18      [ 5]  249 	ldb	24,u
   0207 BD 02 B5      [ 8]  250 	jsr	_position_beam
   020A 32 61         [ 5]  251 	leas	1,s
   020C AE C8 1C      [ 6]  252 	ldx	28,u
   020F AE 04         [ 6]  253 	ldx	4,x
   0211 E6 84         [ 4]  254 	ldb	,x
   0213 E7 C8 19      [ 5]  255 	stb	25,u
                            256 	; tst	25,u	; optimization 3
   0216 27 09         [ 3]  257 	beq	L9
   0218 E6 C8 19      [ 5]  258 	ldb	25,u
   021B C1 01         [ 2]  259 	cmpb	#1	;cmpqi:
   021D 27 22         [ 3]  260 	beq	L10
   021F 20 57         [ 3]  261 	bra	L12
   0221                     262 L9:
   0221 AE C8 1C      [ 6]  263 	ldx	28,u
   0224 AE 04         [ 6]  264 	ldx	4,x
   0226 10 AE 02      [ 7]  265 	ldy	2,x
   0229 AE C8 1C      [ 6]  266 	ldx	28,u
   022C E6 03         [ 5]  267 	ldb	3,x
   022E E7 C8 3A      [ 5]  268 	stb	58,u
   0231 10 AF C8 38   [ 7]  269 	sty	56,u
   0235 AE C8 38      [ 6]  270 	ldx	56,u
   0238 E6 C8 3A      [ 5]  271 	ldb	58,u
   023B BD 00 00      [ 8]  272 	jsr	___Draw_VLp_b
   023E 7E 02 AD      [ 4]  273 	jmp	L11
   0241                     274 L10:
   0241 AE C8 1C      [ 6]  275 	ldx	28,u
   0244 AE 04         [ 6]  276 	ldx	4,x
   0246 10 AE 02      [ 7]  277 	ldy	2,x
   0249 AE C8 1C      [ 6]  278 	ldx	28,u
   024C E6 03         [ 5]  279 	ldb	3,x
   024E E7 C8 1A      [ 5]  280 	stb	26,u
   0251 AE C8 1C      [ 6]  281 	ldx	28,u
   0254 AE 04         [ 6]  282 	ldx	4,x
   0256 E6 01         [ 5]  283 	ldb	1,x
   0258 5A            [ 2]  284 	decb
   0259 E7 C8 3E      [ 5]  285 	stb	62,u
   025C E6 C8 1A      [ 5]  286 	ldb	26,u
   025F E7 C8 3D      [ 5]  287 	stb	61,u
   0262 10 AF C8 3B   [ 7]  288 	sty	59,u
   0266 E6 C8 3E      [ 5]  289 	ldb	62,u
   0269 E7 E2         [ 6]  290 	stb	,-s
   026B AE C8 3B      [ 6]  291 	ldx	59,u
   026E E6 C8 3D      [ 5]  292 	ldb	61,u
   0271 BD 00 00      [ 8]  293 	jsr	__Draw_VL_ab
   0274 32 61         [ 5]  294 	leas	1,s
   0276 20 35         [ 3]  295 	bra	L11
   0278                     296 L12:
   0278 AE C8 1C      [ 6]  297 	ldx	28,u
   027B AE 04         [ 6]  298 	ldx	4,x
   027D 10 AE 02      [ 7]  299 	ldy	2,x
   0280 AE C8 1C      [ 6]  300 	ldx	28,u
   0283 E6 03         [ 5]  301 	ldb	3,x
   0285 E7 C8 1B      [ 5]  302 	stb	27,u
   0288 AE C8 1C      [ 6]  303 	ldx	28,u
   028B AE 04         [ 6]  304 	ldx	4,x
   028D E6 01         [ 5]  305 	ldb	1,x
   028F 5A            [ 2]  306 	decb
   0290 E7 C8 42      [ 5]  307 	stb	66,u
   0293 E6 C8 1B      [ 5]  308 	ldb	27,u
   0296 E7 C8 41      [ 5]  309 	stb	65,u
   0299 10 AF C8 3F   [ 7]  310 	sty	63,u
   029D E6 C8 42      [ 5]  311 	ldb	66,u
   02A0 E7 E2         [ 6]  312 	stb	,-s
   02A2 AE C8 3F      [ 6]  313 	ldx	63,u
   02A5 E6 C8 41      [ 5]  314 	ldb	65,u
   02A8 BD 00 00      [ 8]  315 	jsr	__Mov_Draw_VL_ab
   02AB 32 61         [ 5]  316 	leas	1,s
   02AD                     317 L11:
   02AD 10 EE 43      [ 7]  318 	lds	3,u
   02B0 32 E8 43      [ 5]  319 	leas	67,s
   02B3 35 E0         [ 8]  320 	puls	y,u,pc
   02B5                     321 _position_beam:
   02B5 32 7F         [ 5]  322 	leas	-1,s
   02B7 E7 E4         [ 4]  323 	stb	,s
   02B9 BD 02 CF      [ 8]  324 	jsr	_reset_beam
   02BC F6 00 00      [ 5]  325 	ldb	_grid_scale
   02BF 34 04         [ 6]  326 	pshs	b
   02C1 E6 64         [ 5]  327 	ldb	4,s
   02C3 E7 E2         [ 6]  328 	stb	,-s
   02C5 E6 62         [ 5]  329 	ldb	2,s
   02C7 BD 02 D3      [ 8]  330 	jsr	_move_beam
   02CA 32 62         [ 5]  331 	leas	2,s
   02CC 32 61         [ 5]  332 	leas	1,s
   02CE 39            [ 5]  333 	rts
   02CF                     334 _reset_beam:
   02CF BD 00 00      [ 8]  335 	jsr	___Reset0Ref
   02D2 39            [ 5]  336 	rts
   02D3                     337 _move_beam:
   02D3 32 7D         [ 5]  338 	leas	-3,s
   02D5 E7 E4         [ 4]  339 	stb	,s
   02D7 E6 66         [ 5]  340 	ldb	6,s
   02D9 F7 00 00      [ 5]  341 	stb	_VIA_t1_cnt_lo
   02DC E6 E4         [ 4]  342 	ldb	,s
   02DE E7 62         [ 5]  343 	stb	2,s
   02E0 E6 65         [ 5]  344 	ldb	5,s
   02E2 E7 61         [ 5]  345 	stb	1,s
   02E4 E6 62         [ 5]  346 	ldb	2,s
   02E6 E7 E2         [ 6]  347 	stb	,-s
   02E8 E6 62         [ 5]  348 	ldb	2,s
   02EA BD 00 00      [ 8]  349 	jsr	__Moveto_d
   02ED 32 61         [ 5]  350 	leas	1,s
   02EF 32 63         [ 5]  351 	leas	3,s
   02F1 39            [ 5]  352 	rts
ASxxxx Assembler V05.00  (Motorola 6809), page 1.
Hexidecimal [16-Bits]

Symbol Table

    .__.$$$.       =   2710 L   |     .__.ABS.       =   0000 G
    .__.CPU.       =   0000 L   |     .__.H$L.       =   0001 L
  2 L10                0241 R   |   2 L11                02AD R
  2 L12                0278 R   |   2 L2                 01F3 R
  2 L3                 00FD R   |   2 L5                 01BD R
  2 L6                 01EC R   |   2 L9                 0221 R
    _VIA_t1_cnt_lo     **** GX  |     __Draw_VL_ab       **** GX
    __Mov_Draw_VL_     **** GX  |     __Moveto_d         **** GX
    __Rot_VL_Mode      **** GX  |     __Rot_VL_ab        **** GX
    ___Draw_VLp_b      **** GX  |     ___Reset0Ref       **** GX
  2 _draw_sprite       0001 GR  |   2 _grid_scale        0000 GR
  2 _move_beam         02D3 R   |   2 _position_beam     02B5 R
  2 _reset_beam        02CF R

ASxxxx Assembler V05.00  (Motorola 6809), page 2.
Hexidecimal [16-Bits]

Area Table

[_CSEG]
   0 _CODE            size    0   flags C080
   2 .text            size  2F2   flags  100
[_DSEG]
   1 _DATA            size    0   flags C0C0

